<?xml version="1.0" encoding="UTF-8"?>
<!-- Generated by org.testng.reporters.JUnitReportReporter -->
<testsuite skipped="0" hostname="LAPTOP-ELMNKHJ9" name="com.trivago.testcases.TC_SelectfromHotelList_002" tests="1" failures="0" timestamp="23 Sep 2020 15:31:17 GMT" time="17.363" errors="0">
  <testcase name="sortHotels" time="17.363" classname="com.trivago.testcases.TC_SelectfromHotelList_002"/>
</testsuite> <!-- com.trivago.testcases.TC_SelectfromHotelList_002 -->
