<?xml version="1.0" encoding="UTF-8"?>
<!-- Generated by org.testng.reporters.JUnitReportReporter -->
<testsuite skipped="0" hostname="LAPTOP-ELMNKHJ9" name="com.trivago.testcases.TC_SearchTest_001" tests="1" failures="0" timestamp="23 Sep 2020 13:37:25 GMT" time="11.483" errors="0">
  <testcase name="searchHotels" time="11.483" classname="com.trivago.testcases.TC_SearchTest_001"/>
</testsuite> <!-- com.trivago.testcases.TC_SearchTest_001 -->
